<?xml version="1.0" encoding="UTF-8" ?>
<testsuite errors="1" failures="0" name="com.anite.borris.initialAdminData.InitialAdminSuite" tests="1" time="0.0">
  <properties>
    <property name="maven.hibernate.text" value="no"></property>
    <property name="file.encoding.pkg" value="sun.io"></property>
    <property name="anite.has.inserted.schema" value="false"></property>
    <property name="anite.hibernate.verbose" value="true"></property>
    <property name="maven.compile.debug" value="on"></property>
    <property name="maven.property.inheritance" value="true"></property>
    <property name="java.home" value="C:\Program Files\Java\jdk1.5.0_05\jre"></property>
    <property name="anite.hibernate.currentcfg" value="0"></property>
    <property name="anite.hibernate.hibernatecfg.0.destinationFile" value="hibernate.postgres.cfg.xml"></property>
    <property name="maven.distBuildIndicator" value="DIST_BUILD_DIRECTORY"></property>
    <property name="context" value="org.apache.maven.jelly.MavenJellyContext@18a49e0"></property>
    <property name="maven.plugin.unpacked.dir" value="C:\Documents and Settings\ben.gidley/.maven/cache"></property>
    <property name="maven.castor.dest" value="C:\Documents and Settings\ben.gidley\workspace\zebra-hivemind/target/castor/src"></property>
    <property name="anite.cruisecontrol.returnaddress" value="eric.pugh@anite.com"></property>
    <property name="java.endorsed.dirs" value="C:\Program Files\Java\jdk1.5.0_05\jre\lib\endorsed"></property>
    <property name="maven.conf.dir" value="C:\Documents and Settings\ben.gidley\workspace\zebra-hivemind/conf"></property>
    <property name="anite.cruisecontrol.windows.mavenscript" value="c:/java/maven/bin/maven.bat"></property>
    <property name="org.apache.commons.jelly.ant.Project" value="org.apache.commons.grant.GrantProject@770d2e"></property>
    <property name="maven.docs.omitXmlDeclaration" value="false"></property>
    <property name="sun.os.patch.level" value="Service Pack 2"></property>
    <property name="java.vendor.url" value="http://java.sun.com/"></property>
    <property name="maven.build.dir" value="C:\Documents and Settings\ben.gidley\workspace\zebra-hivemind/target"></property>
    <property name="java.version" value="1.5.0_05"></property>
    <property name="maven.remote.group" value="maven"></property>
    <property name="maven.cruisecontrol.template" value="C:\Documents and Settings\ben.gidley/.maven/cache/maven-anite-plugin-1.11/plugin-resources/cruisecontrol.jsl"></property>
    <property name="java.vendor.url.bug" value="http://java.sun.com/cgi-bin/bugreport.cgi"></property>
    <property name="statcvs.verbose" value="false"></property>
    <property name="maven.junit.jvm" value=""></property>
    <property name="user.name" value="ben.gidley"></property>
    <property name="sun.io.unicode.encoding" value="UnicodeLittle"></property>
    <property name="maven.junit.printSummary" value="true"></property>
    <property name="sourcesPresent" value="true"></property>
    <property name="sun.jnu.encoding" value="Cp1252"></property>
    <property name="java.runtime.name" value="Java(TM) 2 Runtime Environment, Standard Edition"></property>
    <property name="maven.repo.R1" value="file:///var/www/repo"></property>
    <property name="maven.multiproject.type" value="jar"></property>
    <property name="java.specification.name" value="Java Platform API Specification"></property>
    <property name="anite.cruisecontrol.linux.mavenscript" value="/usr/local/maven/bin/maven"></property>
    <property name="maven.cruisecontrol.schedule.interval" value="1200"></property>
    <property name="user.timezone" value=""></property>
    <property name="maven.ssh.executable" value="ssh"></property>
    <property name="path.separator" value=";"></property>
    <property name="file.encoding" value="Cp1252"></property>
    <property name="maven.antlr.target.dir" value="C:\Documents and Settings\ben.gidley\workspace\zebra-hivemind/target/antlr"></property>
    <property name="anite.lastestversion.enable" value="false"></property>
    <property name="systemScope" value="{java.runtime.name=Java(TM) 2 Runtime Environment, Standard Edition, sun.boot.library.path=c:\Program Files\Java\jdk1.5.0_05\jre\bin, java.vm.version=1.5.0_05-b05, java.vm.vendor=Sun Microsystems Inc., java.vendor.url=http://java.sun.com/, path.separator=;, java.vm.name=Java HotSpot(TM) Client VM, file.encoding.pkg=sun.io, user.country=GB, sun.os.patch.level=Service Pack 2, java.vm.specification.name=Java Virtual Machine Specification, user.dir=C:\Documents and Settings\ben.gidley\workspace\zebra-hivemind, java.runtime.version=1.5.0_05-b05, forehead.conf.file=C:\Program Files\Apache Software Foundation\Maven 1.0.2\bin\forehead.conf, java.awt.graphicsenv=sun.awt.Win32GraphicsEnvironment, java.endorsed.dirs=c:\Program Files\Java\jdk1.5.0_05\lib\endorsed;C:\Program Files\Apache Software Foundation\Maven 1.0.2\lib\endorsed, os.arch=x86, java.io.tmpdir=C:\DOCUME~1\BEN~1.GID\LOCALS~1\Temp\, line.separator=
, java.vm.specification.vendor=Sun Microsystems Inc., user.variant=, os.name=Windows XP, tools.jar=c:\Program Files\Java\jdk1.5.0_05\lib\tools.jar, sun.jnu.encoding=Cp1252, javax.xml.parsers.SAXParserFactory=org.apache.xerces.jaxp.SAXParserFactoryImpl, java.library.path=c:\Program Files\Java\jdk1.5.0_05\bin;.;C:\WINDOWS\system32;C:\WINDOWS;C:\WINDOWS\system32;C:\WINDOWS;C:\WINDOWS\System32\Wbem;C:\PROGRA~1\CA\SHARED~1\SCANEN~1;C:\PROGRA~1\CA\ETRUST~1;C:\Program Files\Apache Software Foundation\Maven 1.0.2\bin;C:\Program Files\Microsoft SQL Server\80\Tools\BINN;C:\Program Files\Microsoft SQL Server\80\Tools\Binn\;C:\Program Files\Borland\StarTeam SDK 2005 R2\Lib;C:\Program Files\Borland\StarTeam SDK 2005 R2\Bin;C:\dev\Nant\nant-0.85-rc3\bin;C:\java\maven-2.0\bin;C:\Program Files\MySQL\MySQL Server 4.1\bin, java.specification.name=Java Platform API Specification, java.class.version=49.0, sun.management.compiler=HotSpot Client Compiler, os.version=5.1, user.home=C:\Documents and Settings\ben.gidley, user.timezone=Europe/London, java.awt.printerjob=sun.awt.windows.WPrinterJob, file.encoding=Cp1252, java.specification.version=1.5, java.class.path=C:\Program Files\Apache Software Foundation\Maven 1.0.2\lib\forehead-1.0-beta-5.jar, user.name=ben.gidley, java.vm.specification.version=1.0, java.home=c:\Program Files\Java\jdk1.5.0_05\jre, sun.arch.data.model=32, user.language=en, java.specification.vendor=Sun Microsystems Inc., awt.toolkit=sun.awt.windows.WToolkit, java.vm.info=mixed mode, java.version=1.5.0_05, java.ext.dirs=c:\Program Files\Java\jdk1.5.0_05\jre\lib\ext, sun.boot.class.path=C:\Program Files\Apache Software Foundation\Maven 1.0.2\lib\endorsed\xerces-2.4.0.jar;C:\Program Files\Apache Software Foundation\Maven 1.0.2\lib\endorsed\xml-apis-1.0.b2.jar;c:\Program Files\Java\jdk1.5.0_05\jre\lib\rt.jar;c:\Program Files\Java\jdk1.5.0_05\jre\lib\i18n.jar;c:\Program Files\Java\jdk1.5.0_05\jre\lib\sunrsasign.jar;c:\Program Files\Java\jdk1.5.0_05\jre\lib\jsse.jar;c:\Program Files\Java\jdk1.5.0_05\jre\lib\jce.jar;c:\Program Files\Java\jdk1.5.0_05\jre\lib\charsets.jar;c:\Program Files\Java\jdk1.5.0_05\jre\classes, javax.xml.parsers.DocumentBuilderFactory=org.apache.xerces.jaxp.DocumentBuilderFactoryImpl, java.vendor=Sun Microsystems Inc., maven.home=C:\Program Files\Apache Software Foundation\Maven 1.0.2, file.separator=\, java.vendor.url.bug=http://java.sun.com/cgi-bin/bugreport.cgi, sun.io.unicode.encoding=UnicodeLittle, sun.cpu.endian=little, sun.desktop=windows, sun.cpu.isalist=}"></property>
    <property name="maven.junit.dir" value="C:\Documents and Settings\ben.gidley\workspace\zebra-hivemind"></property>
    <property name="anite.database.enable" value="true"></property>
    <property name="anite.zip.libdir" value="C:\Documents and Settings\ben.gidley\workspace\zebra-hivemind/target/classes/lib"></property>
    <property name="anite.hibernate.hibernatecfg.0.OtherMapping.1" value="true"></property>
    <property name="anite.hibernate.hibernatecfg.0.OtherMapping.1.value" value="DynamicHibernate.hbm.xml"></property>
    <property name="anite.hibernate.includes" value="**/om/defs/*.java,**/om/state/*.java"></property>
    <property name="java.io.tmpdir" value="C:\DOCUME~1\BEN~1.GID\LOCALS~1\Temp\"></property>
    <property name="user.language" value="en"></property>
    <property name="maven.xdoc.date" value="left"></property>
    <property name="line.separator" value="
"></property>
    <property name="maven.repo.local" value="C:\Documents and Settings\ben.gidley/.maven/repository"></property>
    <property name="maven.plugin.user.dir" value="C:\Documents and Settings\ben.gidley/.maven/plugins"></property>
    <property name="maven.artifact.manifest.basedir" value="/plugin-resources/templates"></property>
    <property name="maven.junit.fork" value="true"></property>
    <property name="maven.junit.usefile" value="true"></property>
    <property name="maven.hibernate.delimiter" value=""></property>
    <property name="maven.junit.format" value="brief"></property>
    <property name="maven.compile.optimize" value="off"></property>
    <property name="java.vm.info" value="mixed mode"></property>
    <property name="maven.repo.remote.enabled" value="true"></property>
    <property name="maven.hibernate.quiet" value="true"></property>
    <property name="sun.desktop" value="windows"></property>
    <property name="java.vm.specification.name" value="Java Virtual Machine Specification"></property>
    <property name="maven.repo.list" value="R1"></property>
    <property name="maven.emacsModeOn" value="false"></property>
    <property name="anite.cruisecontrol.windows.home" value="c:/java/cruisecontrol"></property>
    <property name="maven.build.dest" value="C:\Documents and Settings\ben.gidley\workspace\zebra-hivemind/target/classes"></property>
    <property name="anite.hibernate.hibernatecfg.showsql" value="false"></property>
    <property name="maven.compile.deprecation" value="off"></property>
    <property name="parentScope" value="{maven.session=org.apache.maven.MavenSession@27982, java.vendor=org.apache.commons.jelly.expression.ConstantExpression@778255[value=Sun Microsystems Inc.], sun.management.compiler=org.apache.commons.jelly.expression.ConstantExpression@da90c[value=HotSpot Client Compiler], anite.hibernate.hibernatecfg.0.destinationFile=org.apache.commons.jelly.expression.ConstantExpression@d58939[value=hibernate.postgres.cfg.xml], os.name=org.apache.commons.jelly.expression.ConstantExpression@124111a[value=Windows XP], sun.boot.class.path=org.apache.commons.jelly.expression.ConstantExpression@dec8b3[value=C:\Program Files\Apache Software Foundation\Maven 1.0.2\lib\endorsed\xerces-2.4.0.jar;C:\Program Files\Apache Software Foundation\Maven 1.0.2\lib\endorsed\xml-apis-1.0.b2.jar;c:\Program Files\Java\jdk1.5.0_05\jre\lib\rt.jar;c:\Program Files\Java\jdk1.5.0_05\jre\lib\i18n.jar;c:\Program Files\Java\jdk1.5.0_05\jre\lib\sunrsasign.jar;c:\Program Files\Java\jdk1.5.0_05\jre\lib\jsse.jar;c:\Program Files\Java\jdk1.5.0_05\jre\lib\jce.jar;c:\Program Files\Java\jdk1.5.0_05\jre\lib\charsets.jar;c:\Program Files\Java\jdk1.5.0_05\jre\classes], sun.desktop=org.apache.commons.jelly.expression.ConstantExpression@4a7df6[value=windows], anite.hibernate.hibernatecfg.0.dialect=org.apache.commons.jelly.expression.ConstantExpression@93df2c[value=net.sf.hibernate.dialect.PostgreSQLDialect], maven.distBuildDirectory=org.apache.commons.jelly.expression.CompositeExpression@20f443[expressions=[org.apache.commons.jelly.expression.jexl.JexlExpressionFactory$ExpressionSupportLocal@18488ef[expression:basedir], org.apache.commons.jelly.expression.ConstantExpression@3a1834[value=/target]]], tools.jar=org.apache.commons.jelly.expression.ConstantExpression@b1cd0[value=c:\Program Files\Java\jdk1.5.0_05\lib\tools.jar], java.vm.specification.vendor=org.apache.commons.jelly.expression.ConstantExpression@190a0d6[value=Sun Microsystems Inc.], anite.hibernate.hibernatecfg.0.pool_size=org.apache.commons.jelly.expression.ConstantExpression@2f729e[value=0], java.runtime.version=org.apache.commons.jelly.expression.ConstantExpression@10deb5f[value=1.5.0_05-b05], maven.repo.remote.enabled=org.apache.commons.jelly.expression.ConstantExpression@d7b7d9[value=true], systemScope={java.runtime.name=Java(TM) 2 Runtime Environment, Standard Edition, sun.boot.library.path=c:\Program Files\Java\jdk1.5.0_05\jre\bin, java.vm.version=1.5.0_05-b05, java.vm.vendor=Sun Microsystems Inc., java.vendor.url=http://java.sun.com/, path.separator=;, java.vm.name=Java HotSpot(TM) Client VM, file.encoding.pkg=sun.io, user.country=GB, sun.os.patch.level=Service Pack 2, java.vm.specification.name=Java Virtual Machine Specification, user.dir=C:\Documents and Settings\ben.gidley\workspace\zebra-hivemind, java.runtime.version=1.5.0_05-b05, forehead.conf.file=C:\Program Files\Apache Software Foundation\Maven 1.0.2\bin\forehead.conf, java.awt.graphicsenv=sun.awt.Win32GraphicsEnvironment, java.endorsed.dirs=c:\Program Files\Java\jdk1.5.0_05\lib\endorsed;C:\Program Files\Apache Software Foundation\Maven 1.0.2\lib\endorsed, os.arch=x86, java.io.tmpdir=C:\DOCUME~1\BEN~1.GID\LOCALS~1\Temp\, line.separator=
, java.vm.specification.vendor=Sun Microsystems Inc., user.variant=, os.name=Windows XP, tools.jar=c:\Program Files\Java\jdk1.5.0_05\lib\tools.jar, sun.jnu.encoding=Cp1252, javax.xml.parsers.SAXParserFactory=org.apache.xerces.jaxp.SAXParserFactoryImpl, java.library.path=c:\Program Files\Java\jdk1.5.0_05\bin;.;C:\WINDOWS\system32;C:\WINDOWS;C:\WINDOWS\system32;C:\WINDOWS;C:\WINDOWS\System32\Wbem;C:\PROGRA~1\CA\SHARED~1\SCANEN~1;C:\PROGRA~1\CA\ETRUST~1;C:\Program Files\Apache Software Foundation\Maven 1.0.2\bin;C:\Program Files\Microsoft SQL Server\80\Tools\BINN;C:\Program Files\Microsoft SQL Server\80\Tools\Binn\;C:\Program Files\Borland\StarTeam SDK 2005 R2\Lib;C:\Program Files\Borland\StarTeam SDK 2005 R2\Bin;C:\dev\Nant\nant-0.85-rc3\bin;C:\java\maven-2.0\bin;C:\Program Files\MySQL\MySQL Server 4.1\bin, java.specification.name=Java Platform API Specification, java.class.version=49.0, sun.management.compiler=HotSpot Client Compiler, os.version=5.1, user.home=C:\Documents and Settings\ben.gidley, user.timezone=Europe/London, java.awt.printerjob=sun.awt.windows.WPrinterJob, file.encoding=Cp1252, java.specification.version=1.5, java.class.path=C:\Program Files\Apache Software Foundation\Maven 1.0.2\lib\forehead-1.0-beta-5.jar, user.name=ben.gidley, java.vm.specification.version=1.0, java.home=c:\Program Files\Java\jdk1.5.0_05\jre, sun.arch.data.model=32, user.language=en, java.specification.vendor=Sun Microsystems Inc., awt.toolkit=sun.awt.windows.WToolkit, java.vm.info=mixed mode, java.version=1.5.0_05, java.ext.dirs=c:\Program Files\Java\jdk1.5.0_05\jre\lib\ext, sun.boot.class.path=C:\Program Files\Apache Software Foundation\Maven 1.0.2\lib\endorsed\xerces-2.4.0.jar;C:\Program Files\Apache Software Foundation\Maven 1.0.2\lib\endorsed\xml-apis-1.0.b2.jar;c:\Program Files\Java\jdk1.5.0_05\jre\lib\rt.jar;c:\Program Files\Java\jdk1.5.0_05\jre\lib\i18n.jar;c:\Program Files\Java\jdk1.5.0_05\jre\lib\sunrsasign.jar;c:\Program Files\Java\jdk1.5.0_05\jre\lib\jsse.jar;c:\Program Files\Java\jdk1.5.0_05\jre\lib\jce.jar;c:\Program Files\Java\jdk1.5.0_05\jre\lib\charsets.jar;c:\Program Files\Java\jdk1.5.0_05\jre\classes, javax.xml.parsers.DocumentBuilderFactory=org.apache.xerces.jaxp.DocumentBuilderFactoryImpl, java.vendor=Sun Microsystems Inc., maven.home=C:\Program Files\Apache Software Foundation\Maven 1.0.2, file.separator=\, java.vendor.url.bug=http://java.sun.com/cgi-bin/bugreport.cgi, sun.io.unicode.encoding=UnicodeLittle, sun.cpu.endian=little, sun.desktop=windows, sun.cpu.isalist=}, maven.hibernate.output.dir=org.apache.commons.jelly.expression.CompositeExpression@671f95[expressions=[org.apache.commons.jelly.expression.jexl.JexlExpressionFactory$ExpressionSupportLocal@4a9a7d[expression:maven.build.dir], org.apache.commons.jelly.expression.ConstantExpression@1e4a47e[value=/generated-sources/schema]]], anite.hibernate.hibernatecfg.0.driver=org.apache.commons.jelly.expression.ConstantExpression@1eb5666[value=org.postgresql.Driver], maven.hibernate.properties=org.apache.commons.jelly.expression.ConstantExpression@1754699[value=target/generated-sources/anite/hibernateExport.properties], user.name=org.apache.commons.jelly.expression.ConstantExpression@6e1dec[value=ben.gidley], anite.hibernate.hibernatecfg.0=org.apache.commons.jelly.expression.ConstantExpression@16ea269[value=true], maven.debugOn=false, maven.compile.debug=org.apache.commons.jelly.expression.ConstantExpression@68cb6b[value=on], maven.repo.local=org.apache.commons.jelly.expression.CompositeExpression@2e323[expressions=[org.apache.commons.jelly.expression.jexl.JexlExpressionFactory$ExpressionSupportLocal@18e4327[expression:maven.home.local], org.apache.commons.jelly.expression.ConstantExpression@dada24[value=/repository]]], anite.hibernate.hibernatecfg.0.userName=org.apache.commons.jelly.expression.ConstantExpression@2798e7[value=zebra], maven.defaults.loaded=org.apache.commons.jelly.expression.ConstantExpression@1a78071[value=true], javax.xml.parsers.SAXParserFactory=org.apache.commons.jelly.expression.ConstantExpression@1e184cb[value=org.apache.xerces.jaxp.SAXParserFactoryImpl], maven.docs.omitXmlDeclaration=org.apache.commons.jelly.expression.ConstantExpression@d55986[value=false], user.language=org.apache.commons.jelly.expression.ConstantExpression@e8a021[value=en], sun.boot.library.path=org.apache.commons.jelly.expression.ConstantExpression@691177[value=c:\Program Files\Java\jdk1.5.0_05\jre\bin], maven.build.dest=org.apache.commons.jelly.expression.CompositeExpression@1f99eea[expressions=[org.apache.commons.jelly.expression.jexl.JexlExpressionFactory$ExpressionSupportLocal@13043d2[expression:maven.build.dir], org.apache.commons.jelly.expression.ConstantExpression@1b4c1d7[value=/classes]]], maven.xmlOutput=org.apache.commons.jelly.XMLOutput$1@221e9e[contentHandler=org.dom4j.io.XMLWriter@83e1e;lexicalHandler=org.dom4j.io.XMLWriter@83e1e], maven.plugin.user.dir=org.apache.commons.jelly.expression.CompositeExpression@1264eab[expressions=[org.apache.commons.jelly.expression.jexl.JexlExpressionFactory$ExpressionSupportLocal@1f6f27b[expression:maven.home.local], org.apache.commons.jelly.expression.ConstantExpression@1a99347[value=/plugins]]], java.version=org.apache.commons.jelly.expression.ConstantExpression@430b6[value=1.5.0_05], user.timezone=org.apache.commons.jelly.expression.ConstantExpression@11a01dd[value=], sun.arch.data.model=org.apache.commons.jelly.expression.ConstantExpression@70610a[value=32], anite.hibernate.includes=org.apache.commons.jelly.expression.ConstantExpression@1f31652[value=**/om/defs/*.java,**/om/state/*.java], java.endorsed.dirs=org.apache.commons.jelly.expression.ConstantExpression@3e96cf[value=c:\Program Files\Java\jdk1.5.0_05\lib\endorsed;C:\Program Files\Apache Software Foundation\Maven 1.0.2\lib\endorsed], maven.property.inheritance=org.apache.commons.jelly.expression.ConstantExpression@11ef443[value=true], sun.cpu.isalist=org.apache.commons.jelly.expression.ConstantExpression@1367e28[value=], sun.jnu.encoding=org.apache.commons.jelly.expression.ConstantExpression@94af2f[value=Cp1252], file.encoding.pkg=org.apache.commons.jelly.expression.ConstantExpression@1797795[value=sun.io], maven.xdoc.date=org.apache.commons.jelly.expression.ConstantExpression@19a0203[value=left], file.separator=org.apache.commons.jelly.expression.ConstantExpression@1fa39bb[value=\], java.specification.name=org.apache.commons.jelly.expression.ConstantExpression@e45b5e[value=Java Platform API Specification], maven.src.dir=org.apache.commons.jelly.expression.CompositeExpression@2ab653[expressions=[org.apache.commons.jelly.expression.jexl.JexlExpressionFactory$ExpressionSupportLocal@28305d[expression:basedir], org.apache.commons.jelly.expression.ConstantExpression@7f58ef[value=/src]]], java.class.version=org.apache.commons.jelly.expression.ConstantExpression@a7dd39[value=49.0], maven.site.deploy=org.apache.commons.jelly.expression.ConstantExpression@acdd02[value=fs], user.country=org.apache.commons.jelly.expression.ConstantExpression@e1dac2[value=GB], java.home=org.apache.commons.jelly.expression.ConstantExpression@1e12f6d[value=c:\Program Files\Java\jdk1.5.0_05\jre], javax.xml.parsers.DocumentBuilderFactory=org.apache.commons.jelly.expression.ConstantExpression@f0b4a3[value=org.apache.xerces.jaxp.DocumentBuilderFactoryImpl], forehead.conf.file=org.apache.commons.jelly.expression.ConstantExpression@e34726[value=C:\Program Files\Apache Software Foundation\Maven 1.0.2\bin\forehead.conf], java.vm.info=org.apache.commons.jelly.expression.ConstantExpression@15428dd[value=mixed mode], anite.hibernate.hibernatecfg.0.OtherMapping.1=org.apache.commons.jelly.expression.ConstantExpression@46d228[value=true], os.version=org.apache.commons.jelly.expression.ConstantExpression@18f7386[value=5.1], maven.conf.dir=org.apache.commons.jelly.expression.CompositeExpression@e99681[expressions=[org.apache.commons.jelly.expression.jexl.JexlExpressionFactory$ExpressionSupportLocal@1980630[expression:basedir], org.apache.commons.jelly.expression.ConstantExpression@1be4777[value=/conf]]], path.separator=org.apache.commons.jelly.expression.ConstantExpression@145e2d5[value=;], java.vm.version=org.apache.commons.jelly.expression.ConstantExpression@12f1bf0[value=1.5.0_05-b05], maven.build.dir=org.apache.commons.jelly.expression.CompositeExpression@1d32e45[expressions=[org.apache.commons.jelly.expression.jexl.JexlExpressionFactory$ExpressionSupportLocal@182ef6b[expression:basedir], org.apache.commons.jelly.expression.ConstantExpression@1347124[value=/target]]], user.variant=org.apache.commons.jelly.expression.ConstantExpression@1f02b85[value=], anite.insertdata.testcase=org.apache.commons.jelly.expression.ConstantExpression@b957ea[value=com.anite.borris.initialAdminData.InitialAdminSuite], maven.ssh.executable=org.apache.commons.jelly.expression.ConstantExpression@3aff84[value=ssh], maven.emacsModeOn=false, java.awt.printerjob=org.apache.commons.jelly.expression.ConstantExpression@15d4de6[value=sun.awt.windows.WPrinterJob], maven.multiproject.type=org.apache.commons.jelly.expression.ConstantExpression@a53de4[value=jar], sun.io.unicode.encoding=org.apache.commons.jelly.expression.ConstantExpression@827968[value=UnicodeLittle], awt.toolkit=org.apache.commons.jelly.expression.ConstantExpression@1f0b7d3[value=sun.awt.windows.WToolkit], maven.compile.optimize=org.apache.commons.jelly.expression.ConstantExpression@b4be3d[value=off], user.home=org.apache.commons.jelly.expression.ConstantExpression@35bb0f[value=C:\Documents and Settings\ben.gidley], java.specification.vendor=org.apache.commons.jelly.expression.ConstantExpression@18bd7f1[value=Sun Microsystems Inc.], maven.final.dir=org.apache.commons.jelly.expression.CompositeExpression@e4245[expressions=[org.apache.commons.jelly.expression.jexl.JexlExpressionFactory$ExpressionSupportLocal@20fa83[expression:basedir], org.apache.commons.jelly.expression.ConstantExpression@11eb199[value=/], org.apache.commons.jelly.expression.jexl.JexlExpressionFactory$ExpressionSupportLocal@1de498[expression:maven.final.name]]], maven.build.src=org.apache.commons.jelly.expression.CompositeExpression@8ae45a[expressions=[org.apache.commons.jelly.expression.jexl.JexlExpressionFactory$ExpressionSupportLocal@95da38[expression:maven.build.dir], org.apache.commons.jelly.expression.ConstantExpression@29c204[value=/src]]], maven.build=org.apache.commons.jelly.expression.ConstantExpression@180cf2a[value=MAVEN_BUILD_NOT_SET], java.library.path=org.apache.commons.jelly.expression.ConstantExpression@1a0d866[value=c:\Program Files\Java\jdk1.5.0_05\bin;.;C:\WINDOWS\system32;C:\WINDOWS;C:\WINDOWS\system32;C:\WINDOWS;C:\WINDOWS\System32\Wbem;C:\PROGRA~1\CA\SHARED~1\SCANEN~1;C:\PROGRA~1\CA\ETRUST~1;C:\Program Files\Apache Software Foundation\Maven 1.0.2\bin;C:\Program Files\Microsoft SQL Server\80\Tools\BINN;C:\Program Files\Microsoft SQL Server\80\Tools\Binn\;C:\Program Files\Borland\StarTeam SDK 2005 R2\Lib;C:\Program Files\Borland\StarTeam SDK 2005 R2\Bin;C:\dev\Nant\nant-0.85-rc3\bin;C:\java\maven-2.0\bin;C:\Program Files\MySQL\MySQL Server 4.1\bin], java.vendor.url=org.apache.commons.jelly.expression.ConstantExpression@df48c4[value=http://java.sun.com/], java.vm.vendor=org.apache.commons.jelly.expression.ConstantExpression@1226a77[value=Sun Microsystems Inc.], maven.username=org.apache.commons.jelly.expression.ConstantExpression@7be8c2[value=USERNAME_NOT_SET], maven.home=org.apache.commons.jelly.expression.ConstantExpression@ee3aa7[value=C:\Program Files\Apache Software Foundation\Maven 1.0.2], java.runtime.name=org.apache.commons.jelly.expression.ConstantExpression@4cd580[value=Java(TM) 2 Runtime Environment, Standard Edition], anite.hibernate.excludes=org.apache.commons.jelly.expression.ConstantExpression@54f9f1[value=**], java.class.path=org.apache.commons.jelly.expression.ConstantExpression@e576d4[value=C:\Program Files\Apache Software Foundation\Maven 1.0.2\lib\forehead-1.0-beta-5.jar], maven.remote.group=org.apache.commons.jelly.expression.ConstantExpression@dc86eb[value=maven], maven.gen.docs=org.apache.commons.jelly.expression.CompositeExpression@1db5ec[expressions=[org.apache.commons.jelly.expression.jexl.JexlExpressionFactory$ExpressionSupportLocal@92b1a1[expression:maven.build.dir], org.apache.commons.jelly.expression.ConstantExpression@cbf9bd[value=/generated-xdocs]]], context=org.apache.maven.jelly.MavenJellyContext@17918f0, maven.distDirectory=org.apache.commons.jelly.expression.CompositeExpression@1546dbc[expressions=[org.apache.commons.jelly.expression.jexl.JexlExpressionFactory$ExpressionSupportLocal@1f08ed8[expression:basedir], org.apache.commons.jelly.expression.ConstantExpression@322bce[value=/dist]]], maven.docs.dest=org.apache.commons.jelly.expression.CompositeExpression@1d9e282[expressions=[org.apache.commons.jelly.expression.jexl.JexlExpressionFactory$ExpressionSupportLocal@1a5db4b[expression:maven.build.dir], org.apache.commons.jelly.expression.ConstantExpression@1e0512a[value=/docs]]], maven.compile.deprecation=org.apache.commons.jelly.expression.ConstantExpression@1f0aecc[value=off], java.vm.specification.name=org.apache.commons.jelly.expression.ConstantExpression@64023c[value=Java Virtual Machine Specification], maven.junit.jvmargs=org.apache.commons.jelly.expression.ConstantExpression@1cebc9f[value=-Xmx512m], maven.docs.outputencoding=org.apache.commons.jelly.expression.ConstantExpression@1c1ac46[value=ISO-8859-1], java.vm.specification.version=org.apache.commons.jelly.expression.ConstantExpression@1557c0[value=1.0], sun.cpu.endian=org.apache.commons.jelly.expression.ConstantExpression@1342a67[value=little], sun.os.patch.level=org.apache.commons.jelly.expression.ConstantExpression@1cbda0a[value=Service Pack 2], maven.plugin.unpacked.dir=org.apache.commons.jelly.expression.CompositeExpression@57ea52[expressions=[org.apache.commons.jelly.expression.jexl.JexlExpressionFactory$ExpressionSupportLocal@1d8d39f[expression:maven.home.local], org.apache.commons.jelly.expression.ConstantExpression@2d95b3[value=/cache]]], java.io.tmpdir=org.apache.commons.jelly.expression.ConstantExpression@bf5555[value=C:\DOCUME~1\BEN~1.GID\LOCALS~1\Temp\], maven.scp.executable=org.apache.commons.jelly.expression.ConstantExpression@17b4703[value=scp], java.vendor.url.bug=org.apache.commons.jelly.expression.ConstantExpression@73305c[value=http://java.sun.com/cgi-bin/bugreport.cgi], maven.final.name=org.apache.commons.jelly.expression.CompositeExpression@6c1a82[expressions=[org.apache.commons.jelly.expression.jexl.JexlExpressionFactory$ExpressionSupportLocal@1408a92[expression:pom.artifactId], org.apache.commons.jelly.expression.ConstantExpression@4977e2[value=-], org.apache.commons.jelly.expression.jexl.JexlExpressionFactory$ExpressionSupportLocal@15db13f[expression:pom.currentVersion]]], maven.distBuildIndicator=org.apache.commons.jelly.expression.ConstantExpression@1fc1a6[value=DIST_BUILD_DIRECTORY], anite.hibernate.hibernatecfg.0.OtherMapping.1.name=org.apache.commons.jelly.expression.ConstantExpression@e29820[value=resource], os.arch=org.apache.commons.jelly.expression.ConstantExpression@718242[value=x86], java.awt.graphicsenv=org.apache.commons.jelly.expression.ConstantExpression@1ec58a[value=sun.awt.Win32GraphicsEnvironment], java.ext.dirs=org.apache.commons.jelly.expression.ConstantExpression@3afb99[value=c:\Program Files\Java\jdk1.5.0_05\jre\lib\ext], maven.hibernate.quiet=org.apache.commons.jelly.expression.ConstantExpression@5c3987[value=true], user.dir=org.apache.commons.jelly.expression.ConstantExpression@c4d04d[value=C:\Documents and Settings\ben.gidley\workspace\zebra-hivemind], maven.docs.src=org.apache.commons.jelly.expression.CompositeExpression@147917a[expressions=[org.apache.commons.jelly.expression.jexl.JexlExpressionFactory$ExpressionSupportLocal@19fe451[expression:basedir], org.apache.commons.jelly.expression.ConstantExpression@46b90a[value=/xdocs]]], maven.junit.fork=org.apache.commons.jelly.expression.ConstantExpression@11e67ac[value=true], line.separator=org.apache.commons.jelly.expression.ConstantExpression@1284fd4[value=
], java.vm.name=org.apache.commons.jelly.expression.ConstantExpression@190ef12[value=Java HotSpot(TM) Client VM], basedir=C:\Documents and Settings\ben.gidley\workspace\zebra-hivemind, anite.hibernate.hibernatecfg.0.password=org.apache.commons.jelly.expression.ConstantExpression@3f96ee[value=zebra], maven.eclipse.output.dir=org.apache.commons.jelly.expression.ConstantExpression@ce16ad[value=target/classes], maven.plugin.dir=org.apache.commons.jelly.expression.CompositeExpression@32bd65[expressions=[org.apache.commons.jelly.expression.jexl.JexlExpressionFactory$ExpressionSupportLocal@130633a[expression:maven.home], org.apache.commons.jelly.expression.ConstantExpression@1c286e2[value=/plugins]]], file.encoding=org.apache.commons.jelly.expression.ConstantExpression@257f1b[value=Cp1252], maven.application.version=org.apache.commons.jelly.expression.ConstantExpression@1bbdd48[value=1.0.2], anite.hibernate.hibernatecfg.0.OtherMapping.1.value=org.apache.commons.jelly.expression.ConstantExpression@bcb23e[value=DynamicHibernate.hbm.xml], maven.repo.remote=org.apache.commons.jelly.expression.ConstantExpression@5a3923[value=http://zebra.berlios.de/MavenRepository,http://gnasher.aniteps.com/repo,http://www.ibiblio.org/maven/], maven.pmd.enable=org.apache.commons.jelly.expression.ConstantExpression@15d616e[value=true], maven.mode.online=org.apache.commons.jelly.expression.ConstantExpression@1a7b0bf[value=true], java.specification.version=org.apache.commons.jelly.expression.ConstantExpression@44f787[value=1.5], statcvs.verbose=org.apache.commons.jelly.expression.ConstantExpression@1d6fbb3[value=false], anite.hibernate.hibernatecfg.0.jdbcUrl=org.apache.commons.jelly.expression.ConstantExpression@126d3df[value=jdbc:postgresql:zebra], maven.home.local=org.apache.commons.jelly.expression.CompositeExpression@2016b0[expressions=[org.apache.commons.jelly.expression.jexl.JexlExpressionFactory$ExpressionSupportLocal@b1a4e2[expression:user.home], org.apache.commons.jelly.expression.ConstantExpression@c00025[value=/.maven]]]}"></property>
    <property name="maven.artifact.manifest.template" value="manifest.vm"></property>
    <property name="maven.plugin.dir" value="C:\Program Files\Apache Software Foundation\Maven 1.0.2/plugins"></property>
    <property name="org.apache.commons.jelly.werkz.Project" value="[Werkz: goals={test:test-resources=[Goal: name=&quot;test:test-resources&quot;]; precursor=[[Goal: name=&quot;test:prepare-filesystem&quot;]; precursor=[]]]], test:test=[Goal: name=&quot;test:test&quot;]; precursor=[[Goal: name=&quot;test:compile&quot;]; precursor=[[Goal: name=&quot;java:compile&quot;]; precursor=[[Goal: name=&quot;java:prepare-filesystem&quot;]; precursor=[]]]], [Goal: name=&quot;java:jar-resources&quot;]; precursor=[]], [Goal: name=&quot;test:prepare-filesystem&quot;]; precursor=[]], [Goal: name=&quot;test:test-resources&quot;]; precursor=[[Goal: name=&quot;test:prepare-filesystem&quot;]; precursor=[]]]]]]]], anite:hibernate-cfg-multiple=[Goal: name=&quot;anite:hibernate-cfg-multiple&quot;]; precursor=[[Goal: name=&quot;anite:init&quot;]; precursor=[]]]], hibernate:schema-export=[Goal: name=&quot;hibernate:schema-export&quot;]; precursor=[[Goal: name=&quot;hibernate:init&quot;]; precursor=[]]]], anite:hibernate-export-properties=[Goal: name=&quot;anite:hibernate-export-properties&quot;]; precursor=[[Goal: name=&quot;anite:init&quot;]; precursor=[]]]], test:single=[Goal: name=&quot;test:single&quot;]; precursor=[[Goal: name=&quot;test:compile&quot;]; precursor=[[Goal: name=&quot;java:compile&quot;]; precursor=[[Goal: name=&quot;java:prepare-filesystem&quot;]; precursor=[]]]], [Goal: name=&quot;java:jar-resources&quot;]; precursor=[]], [Goal: name=&quot;test:prepare-filesystem&quot;]; precursor=[]], [Goal: name=&quot;test:test-resources&quot;]; precursor=[[Goal: name=&quot;test:prepare-filesystem&quot;]; precursor=[]]]]]]]], test:compile=[Goal: name=&quot;test:compile&quot;]; precursor=[[Goal: name=&quot;java:compile&quot;]; precursor=[[Goal: name=&quot;java:prepare-filesystem&quot;]; precursor=[]]]], [Goal: name=&quot;java:jar-resources&quot;]; precursor=[]], [Goal: name=&quot;test:prepare-filesystem&quot;]; precursor=[]], [Goal: name=&quot;test:test-resources&quot;]; precursor=[[Goal: name=&quot;test:prepare-filesystem&quot;]; precursor=[]]]]]], anite:upgradePlugins=[Goal: name=&quot;anite:upgradePlugins&quot;]; precursor=[]], anite:insert-data=[Goal: name=&quot;anite:insert-data&quot;]; precursor=[]], test:single-test=[Goal: name=&quot;test:single-test&quot;]; precursor=[]], build:end=[Goal: name=&quot;build:end&quot;]; precursor=[]], anite:deploy-snapshot=[Goal: name=&quot;anite:deploy-snapshot&quot;]; precursor=[[Goal: name=&quot;anite:artifact&quot;]; precursor=[[Goal: name=&quot;anite:init&quot;]; precursor=[]]]]]], hibernate:aggregate-mappings=[Goal: name=&quot;hibernate:aggregate-mappings&quot;]; precursor=[[Goal: name=&quot;hibernate:init&quot;]; precursor=[]]]], checkstyle:init=[Goal: name=&quot;checkstyle:init&quot;]; precursor=[]], test:ui=[Goal: name=&quot;test:ui&quot;]; precursor=[[Goal: name=&quot;test:compile&quot;]; precursor=[[Goal: name=&quot;java:compile&quot;]; precursor=[[Goal: name=&quot;java:prepare-filesystem&quot;]; precursor=[]]]], [Goal: name=&quot;java:jar-resources&quot;]; precursor=[]], [Goal: name=&quot;test:prepare-filesystem&quot;]; precursor=[]], [Goal: name=&quot;test:test-resources&quot;]; precursor=[[Goal: name=&quot;test:prepare-filesystem&quot;]; precursor=[]]]]]]]], anite:deploy=[Goal: name=&quot;anite:deploy&quot;]; precursor=[[Goal: name=&quot;anite:artifact&quot;]; precursor=[[Goal: name=&quot;anite:init&quot;]; precursor=[]]]]]], zebra:update=[Goal: name=&quot;zebra:update&quot;]; precursor=[]], zebra:setup=[Goal: name=&quot;zebra:setup&quot;]; precursor=[]], test=[Goal: name=&quot;test&quot;]; precursor=[[Goal: name=&quot;test:test&quot;]; precursor=[[Goal: name=&quot;test:compile&quot;]; precursor=[[Goal: name=&quot;java:compile&quot;]; precursor=[[Goal: name=&quot;java:prepare-filesystem&quot;]; precursor=[]]]], [Goal: name=&quot;java:jar-resources&quot;]; precursor=[]], [Goal: name=&quot;test:prepare-filesystem&quot;]; precursor=[]], [Goal: name=&quot;test:test-resources&quot;]; precursor=[[Goal: name=&quot;test:prepare-filesystem&quot;]; precursor=[]]]]]]]]]], anite:artifact=[Goal: name=&quot;anite:artifact&quot;]; precursor=[[Goal: name=&quot;anite:init&quot;]; precursor=[]]]], anite:hibernate-copy-current=[Goal: name=&quot;anite:hibernate-copy-current&quot;]; precursor=[[Goal: name=&quot;anite:init&quot;]; precursor=[]]]], anite:hibernate=[Goal: name=&quot;anite:hibernate&quot;]; precursor=[[Goal: name=&quot;anite:init&quot;]; precursor=[]]]], anite:install=[Goal: name=&quot;anite:install&quot;]; precursor=[[Goal: name=&quot;anite:artifact&quot;]; precursor=[[Goal: name=&quot;anite:init&quot;]; precursor=[]]]]]], test:match-test=[Goal: name=&quot;test:match-test&quot;]; precursor=[]], hibernate:init=[Goal: name=&quot;hibernate:init&quot;]; precursor=[]], anite:init=[Goal: name=&quot;anite:init&quot;]; precursor=[]], anite:site-deploy=[Goal: name=&quot;anite:site-deploy&quot;]; precursor=[[Goal: name=&quot;anite:init&quot;]; precursor=[]]]], eclipse:generate-project=[Goal: name=&quot;eclipse:generate-project&quot;]; precursor=[]], java:prepare-filesystem=[Goal: name=&quot;java:prepare-filesystem&quot;]; precursor=[]], artifact:load=[Goal: name=&quot;artifact:load&quot;]; precursor=[]], java:compile=[Goal: name=&quot;java:compile&quot;]; precursor=[[Goal: name=&quot;java:prepare-filesystem&quot;]; precursor=[]]]], anite:inplace-clean=[Goal: name=&quot;anite:inplace-clean&quot;]; precursor=[[Goal: name=&quot;anite:init&quot;]; precursor=[]]]], build:start=[Goal: name=&quot;build:start&quot;]; precursor=[]], test:prepare-filesystem=[Goal: name=&quot;test:prepare-filesystem&quot;]; precursor=[]], clean:clean=[Goal: name=&quot;clean:clean&quot;]; precursor=[]], antlr:prepare-filesystem=[Goal: name=&quot;antlr:prepare-filesystem&quot;]; precursor=[]], clean=[Goal: name=&quot;clean&quot;]; precursor=[[Goal: name=&quot;clean:clean&quot;]; precursor=[]]]], jar:jar=[Goal: name=&quot;jar:jar&quot;]; precursor=[]], castor:prepare-filesystem=[Goal: name=&quot;castor:prepare-filesystem&quot;]; precursor=[]], java:jar-resources=[Goal: name=&quot;java:jar-resources&quot;]; precursor=[]], test:eclipse=[Goal: name=&quot;test:eclipse&quot;]; precursor=[]], test:match=[Goal: name=&quot;test:match&quot;]; precursor=[[Goal: name=&quot;test:compile&quot;]; precursor=[[Goal: name=&quot;java:compile&quot;]; precursor=[[Goal: name=&quot;java:prepare-filesystem&quot;]; precursor=[]]]], [Goal: name=&quot;java:jar-resources&quot;]; precursor=[]], [Goal: name=&quot;test:prepare-filesystem&quot;]; precursor=[]], [Goal: name=&quot;test:test-resources&quot;]; precursor=[[Goal: name=&quot;test:prepare-filesystem&quot;]; precursor=[]]]]]]]], antlr:generate=[Goal: name=&quot;antlr:generate&quot;]; precursor=[[Goal: name=&quot;antlr:prepare-filesystem&quot;]; precursor=[]]]], cruisecontrol:validate=[Goal: name=&quot;cruisecontrol:validate&quot;]; precursor=[]], anite:cruisecontrol=[Goal: name=&quot;anite:cruisecontrol&quot;]; precursor=[]], java:jar=[Goal: name=&quot;java:jar&quot;]; precursor=[[Goal: name=&quot;jar:jar&quot;]; precursor=[]]]], anite:latestversion=[Goal: name=&quot;anite:latestversion&quot;]; precursor=[]]};]"></property>
    <property name="anite.hibernate.hibernatecfg.0.userName" value="zebra"></property>
    <property name="anite.generated.dest" value="C:\Documents and Settings\ben.gidley\workspace\zebra-hivemind/target/generated-sources"></property>
    <property name="java.awt.printerjob" value="sun.awt.windows.WPrinterJob"></property>
    <property name="forehead.conf.file" value="C:\Program Files\Apache Software Foundation\Maven 1.0.2\bin\forehead.conf"></property>
    <property name="maven.final.name" value="zebra-hivemind-0.1"></property>
    <property name="anite.insertdata.testcase" value="com.anite.borris.initialAdminData.InitialAdminSuite"></property>
    <property name="maven.castor.tstamp" value="C:\Documents and Settings\ben.gidley\workspace\zebra-hivemind/target/castor/tstamp"></property>
    <property name="maven.hibernate.aggregate.output.file" value="C:\Documents and Settings\ben.gidley\workspace\zebra-hivemind/target/generated-sources/schema/aggregated-mappings.hbm.xml"></property>
    <property name="maven.eclipse.output.dir" value="target/classes"></property>
    <property name="maven.repo.R1.directory" value=""></property>
    <property name="maven.scp.executable" value="scp"></property>
    <property name="maven.docs.dest" value="C:\Documents and Settings\ben.gidley\workspace\zebra-hivemind/target/docs"></property>
    <property name="maven.hibernate.input.excludes" value=""></property>
    <property name="os.name" value="Windows XP"></property>
    <property name="java.specification.vendor" value="Sun Microsystems Inc."></property>
    <property name="maven.cruisecontrol.schedule.time" value="0300"></property>
    <property name="maven.docs.src" value="C:\Documents and Settings\ben.gidley\workspace\zebra-hivemind/xdocs"></property>
    <property name="java.vm.name" value="Java HotSpot(TM) Client VM"></property>
    <property name="java.library.path" value="C:\Program Files\Java\jdk1.5.0_05\jre\bin;.;C:\WINDOWS\system32;C:\WINDOWS;C:\WINDOWS\system32;C:\WINDOWS;C:\WINDOWS\System32\Wbem;C:\PROGRA~1\CA\SHARED~1\SCANEN~1;C:\PROGRA~1\CA\ETRUST~1;C:\Program Files\Apache Software Foundation\Maven 1.0.2\bin;C:\Program Files\Microsoft SQL Server\80\Tools\BINN;C:\Program Files\Microsoft SQL Server\80\Tools\Binn\;C:\Program Files\Borland\StarTeam SDK 2005 R2\Lib;C:\Program Files\Borland\StarTeam SDK 2005 R2\Bin;C:\dev\Nant\nant-0.85-rc3\bin;C:\java\maven-2.0\bin;C:\Program Files\MySQL\MySQL Server 4.1\bin"></property>
    <property name="maven.build" value="MAVEN_BUILD_NOT_SET"></property>
    <property name="ant.java.version" value="1.4"></property>
    <property name="basedir" value="C:\Documents and Settings\ben.gidley\workspace\zebra-hivemind"></property>
    <property name="java.class.version" value="49.0"></property>
    <property name="dir__" value="C:\Documents and Settings\ben.gidley\workspace\zebra-hivemind\src\testX"></property>
    <property name="anite.hibernate.hibernatecfg.0.OtherMapping.1.name" value="resource"></property>
    <property name="maven.site.deploy" value="fs"></property>
    <property name="maven.final.dir" value="C:\Documents and Settings\ben.gidley\workspace\zebra-hivemind/zebra-hivemind-0.1"></property>
    <property name="maven.hibernate.output.dir" value="C:\Documents and Settings\ben.gidley\workspace\zebra-hivemind/target/generated-sources/schema"></property>
    <property name="maven.mode.online" value="true"></property>
    <property name="maven.test.dest" value="C:\Documents and Settings\ben.gidley\workspace\zebra-hivemind/target/test-classes"></property>
    <property name="maven.session.global" value="com.werken.werkz.jelly.JellySession@149a794"></property>
    <property name="maven.xmlOutput" value="org.apache.commons.jelly.XMLOutput$1@221e9e[contentHandler=org.dom4j.io.XMLWriter@83e1e;lexicalHandler=org.dom4j.io.XMLWriter@83e1e]"></property>
    <property name="maven.hibernate.properties" value="target/generated-sources/anite/hibernateExport.properties"></property>
    <property name="maven.test.skip" value="false"></property>
    <property name="maven.src.dir" value="C:\Documents and Settings\ben.gidley\workspace\zebra-hivemind/src"></property>
    <property name="sun.boot.library.path" value="C:\Program Files\Java\jdk1.5.0_05\jre\bin"></property>
    <property name="sun.management.compiler" value="HotSpot Client Compiler"></property>
    <property name="java.awt.graphicsenv" value="sun.awt.Win32GraphicsEnvironment"></property>
    <property name="user.variant" value=""></property>
    <property name="anite.hibernate.hibernatecfg.0.dialect" value="net.sf.hibernate.dialect.PostgreSQLDialect"></property>
    <property name="maven.hibernate.drop" value="no"></property>
    <property name="anite.cruisecontrol.goals" value="anite:cruisecontrol"></property>
    <property name="maven.junit.envvars" value=""></property>
    <property name="maven.session" value="org.apache.maven.MavenSession@27982"></property>
    <property name="maven.repo.repos" value="R1"></property>
    <property name="java.vm.specification.version" value="1.0"></property>
    <property name="pom" value="Zebra Process Engine"></property>
    <property name="anite.cruisecontrol.mailhost" value="172.51.1.71"></property>
    <property name="maven.test.reportsDirectory" value="C:\Documents and Settings\ben.gidley\workspace\zebra-hivemind/target/test-reports"></property>
    <property name="awt.toolkit" value="sun.awt.windows.WToolkit"></property>
    <property name="sun.cpu.isalist" value=""></property>
    <property name="maven.ant.project" value="org.apache.commons.grant.GrantProject@770d2e"></property>
    <property name="unitTestSourcesPresent" value="true"></property>
    <property name="java.ext.dirs" value="C:\Program Files\Java\jdk1.5.0_05\jre\lib\ext"></property>
    <property name="os.version" value="5.1"></property>
    <property name="anite.cruisecontrol.linux.home" value="/home/maven/cruisecontrol"></property>
    <property name="maven.hibernate.input.dir" value="C:\Documents and Settings\ben.gidley\workspace\zebra-hivemind/target/classes"></property>
    <property name="user.home" value="C:\Documents and Settings\ben.gidley"></property>
    <property name="maven.pmd.enable" value="true"></property>
    <property name="java.vm.vendor" value="Sun Microsystems Inc."></property>
    <property name="maven.hibernate.output.file" value="C:\Documents and Settings\ben.gidley\workspace\zebra-hivemind/target/generated-sources/schema/zebra-hivemind-0.1-schema.sql"></property>
    <property name="javax.xml.parsers.DocumentBuilderFactory" value="org.apache.xerces.jaxp.DocumentBuilderFactoryImpl"></property>
    <property name="anite.hibernate.src.dir" value="C:\Documents and Settings\ben.gidley\workspace\zebra-hivemind/src/java"></property>
    <property name="anite.deploySnapshot.enable" value="false"></property>
    <property name="user.dir" value="C:\Documents and Settings\ben.gidley\workspace\zebra-hivemind"></property>
    <property name="maven.artifact.manifest.extensions.add" value="false"></property>
    <property name="maven.build.src" value="C:\Documents and Settings\ben.gidley\workspace\zebra-hivemind/target/src"></property>
    <property name="anite.hibernate.hibernatecfg.0.driver" value="org.postgresql.Driver"></property>
    <property name="maven.distDirectory" value="C:\Documents and Settings\ben.gidley\workspace\zebra-hivemind/dist"></property>
    <property name="sun.cpu.endian" value="little"></property>
    <property name="maven.default.goal" value="zebra:setup"></property>
    <property name="maven.castor.properties.dir" value=""></property>
    <property name="project" value="org.apache.commons.grant.GrantProject@770d2e"></property>
    <property name="anite.cruisecontrol.buildresulturl" value="http://gnasher.aniteps.com/cruisecontrol/buildresults"></property>
    <property name="maven.defaults.loaded" value="true"></property>
    <property name="maven.username" value="USERNAME_NOT_SET"></property>
    <property name="anite.hibernate.hibernatecfg.0" value="true"></property>
    <property name="java.vm.version" value="1.5.0_05-b05"></property>
    <property name="java.class.path" value="C:\Documents and Settings\ben.gidley\workspace\zebra-hivemind\target\test-classes;C:\Documents and Settings\ben.gidley\workspace\zebra-hivemind\target\classes;C:\Documents and Settings\ben.gidley\workspace\zebra-hivemind\target\generated-sources\xdoclet;C:\Documents and Settings\ben.gidley\.maven\repository\zebra\jars\zebra-core-0.5.2-dev.jar;C:\Documents and Settings\ben.gidley\.maven\repository\zebra\jars\zebra-defs-0.5.1-dev.jar;C:\Documents and Settings\ben.gidley\.maven\repository\zebra\jars\zebra-state-0.5.1-dev.jar;C:\Documents and Settings\ben.gidley\.maven\repository\zebra\jars\zebra-xmlloader-0.5.1-dev.jar;C:\Documents and Settings\ben.gidley\.maven\repository\commons-logging\jars\commons-logging-1.0.4.jar;C:\Documents and Settings\ben.gidley\.maven\repository\commons-lang\jars\commons-lang-2.0.jar;C:\Documents and Settings\ben.gidley\.maven\repository\commons-collections\jars\commons-collections-3.1.jar;C:\Documents and Settings\ben.gidley\.maven\repository\log4j\jars\log4j-1.2.8.jar;C:\Documents and Settings\ben.gidley\.maven\repository\fulcrum-hivemind\jars\fulcrum-hivemind-1.1.jar;C:\Documents and Settings\ben.gidley\.maven\repository\fulcrum-hivemind\jars\fulcrum-security-1.2.jar;C:\Documents and Settings\ben.gidley\.maven\repository\fulcrum-hivemind\jars\fulcrum-crypto-1.1.jar;C:\Documents and Settings\ben.gidley\.maven\repository\fulcrum-hivemind\jars\fulcrum-hibernate-1.1.jar;C:\Documents and Settings\ben.gidley\.maven\repository\commons-codec\jars\commons-codec-1.3.jar;C:\Documents and Settings\ben.gidley\.maven\repository\cryptix\jars\cryptix-3.2.0.jar;C:\Documents and Settings\ben.gidley\.maven\repository\hivemind\jars\hivemind-1.1.jar;C:\Documents and Settings\ben.gidley\.maven\repository\oro\jars\oro-2.0.6.jar;C:\Documents and Settings\ben.gidley\.maven\repository\cglib\jars\cglib-full-2.0.2.jar;C:\Documents and Settings\ben.gidley\.maven\repository\javassist\jars\javassist-3.0.jar;C:\Documents and Settings\ben.gidley\.maven\repository\mckoi\jars\mckoi-1.0.2.jar;C:\Documents and Settings\ben.gidley\.maven\repository\commons-beanutils\jars\commons-beanutils-1.6.1.jar;C:\Documents and Settings\ben.gidley\.maven\repository\hibernate\jars\hibernate-2.1.8.jar;C:\Documents and Settings\ben.gidley\.maven\repository\ehcache\jars\ehcache-0.9.jar;C:\Documents and Settings\ben.gidley\.maven\repository\odmg\jars\odmg-3.0.jar;C:\Documents and Settings\ben.gidley\.maven\repository\cglib\jars\cglib-2.0.1.jar;C:\Documents and Settings\ben.gidley\.maven\repository\jta\jars\jta.jar;C:\Documents and Settings\ben.gidley\.maven\repository\dom4j\jars\dom4j-1.4.jar;C:\Documents and Settings\ben.gidley\.maven\repository\xdoclet\jars\xdoclet-1.2.2-20040831-1303.jar;C:\Documents and Settings\ben.gidley\.maven\repository\xdoclet\jars\xdoclet-xdoclet-module-1.2.2-20040831-1303.jar;C:\Documents and Settings\ben.gidley\.maven\repository\xdoclet\jars\xdoclet-hibernate-module-1.2.2-20040831-1303.jar;C:\Documents and Settings\ben.gidley\.maven\repository\xdoclet\jars\xjavadoc-1.0.3.jar;C:\Documents and Settings\ben.gidley\.maven\repository\junit\jars\junit-3.8.1.jar;C:\Program Files\Apache Software Foundation\Maven 1.0.2\lib\ant-1.5.3-1.jar;C:\Program Files\Apache Software Foundation\Maven 1.0.2\lib\ant-optional-1.5.3-1.jar"></property>
    <property name="javax.xml.parsers.SAXParserFactory" value="org.apache.xerces.jaxp.SAXParserFactoryImpl"></property>
    <property name="maven.debugOn" value="false"></property>
    <property name="os.arch" value="x86"></property>
    <property name="anite.hibernate.excludes" value="**"></property>
    <property name="maven.junit.jvmargs" value="-Xmx512m"></property>
    <property name="anite.hibernate.force" value="false"></property>
    <property name="anite.hibernate.hibernatecfg.0.pool_size" value="0"></property>
    <property name="maven.application.version" value="1.0.2"></property>
    <property name="maven.repo.remote" value="http://zebra.berlios.de/MavenRepository,http://gnasher.aniteps.com/repo,http://www.ibiblio.org/maven/"></property>
    <property name="java.vm.specification.vendor" value="Sun Microsystems Inc."></property>
    <property name="file.separator" value="\"></property>
    <property name="maven.gen.docs" value="C:\Documents and Settings\ben.gidley\workspace\zebra-hivemind/target/generated-xdocs"></property>
    <property name="java.runtime.version" value="1.5.0_05-b05"></property>
    <property name="sun.boot.class.path" value="C:\Program Files\Java\jdk1.5.0_05\jre\lib\rt.jar;C:\Program Files\Java\jdk1.5.0_05\jre\lib\i18n.jar;C:\Program Files\Java\jdk1.5.0_05\jre\lib\sunrsasign.jar;C:\Program Files\Java\jdk1.5.0_05\jre\lib\jsse.jar;C:\Program Files\Java\jdk1.5.0_05\jre\lib\jce.jar;C:\Program Files\Java\jdk1.5.0_05\jre\lib\charsets.jar;C:\Program Files\Java\jdk1.5.0_05\jre\classes"></property>
    <property name="anite.has.inserted.data" value="false"></property>
    <property name="maven.home.local" value="C:\Documents and Settings\ben.gidley/.maven"></property>
    <property name="user.country" value="GB"></property>
    <property name="maven.home" value="C:\Program Files\Apache Software Foundation\Maven 1.0.2"></property>
    <property name="maven.antlr.src.dir" value="MAVEN_ANTLR_SRC_DIR_NOT_SET"></property>
    <property name="maven.hibernate.input.includes" value="**/*.hbm.xml"></property>
    <property name="tools.jar" value="c:\Program Files\Java\jdk1.5.0_05\lib\tools.jar"></property>
    <property name="maven.distBuildDirectory" value="C:\Documents and Settings\ben.gidley\workspace\zebra-hivemind/target"></property>
    <property name="java.vendor" value="Sun Microsystems Inc."></property>
    <property name="maven.docs.outputencoding" value="ISO-8859-1"></property>
    <property name="anite.hibernate.hibernatecfg.0.jdbcUrl" value="jdbc:postgresql:zebra"></property>
    <property name="java.specification.version" value="1.5"></property>
    <property name="anite.hibernate.hibernatecfg.0.password" value="zebra"></property>
    <property name="sun.arch.data.model" value="32"></property>
  </properties>
  <error message="com.anite.borris.initialAdminData.InitialAdminSuite" type="java.lang.ClassNotFoundException">java.lang.ClassNotFoundException: com.anite.borris.initialAdminData.InitialAdminSuite
	at java.net.URLClassLoader$1.run(URLClassLoader.java:200)
	at java.security.AccessController.doPrivileged(Native Method)
	at java.net.URLClassLoader.findClass(URLClassLoader.java:188)
	at java.lang.ClassLoader.loadClass(ClassLoader.java:306)
	at sun.misc.Launcher$AppClassLoader.loadClass(Launcher.java:268)
	at java.lang.ClassLoader.loadClass(ClassLoader.java:251)
	at java.lang.ClassLoader.loadClassInternal(ClassLoader.java:319)
	at java.lang.Class.forName0(Native Method)
	at java.lang.Class.forName(Class.java:164)
</error>
</testsuite>
